#
# A fatal error has been detected by the Java Runtime Environment:
#
#  EXCEPTION_IN_PAGE_ERROR (0xc0000006) at pc=0x6b3d1ed7, pid=1112, tid=5932
#
# JRE version: 7.0_07-b11
# Java VM: Java HotSpot(TM) Client VM (23.3-b01 mixed mode windows-x86 )
# Problematic frame:
# C  [msvcr100.dll+0x1ed7]  memcpy+0x57
#
# Failed to write core dump. Minidumps are not enabled by default on client versions of Windows
#
# If you would like to submit a bug report, please visit:
#   http://bugreport.sun.com/bugreport/crash.jsp
#

---------------  T H R E A D  ---------------

Current thread (0x00d64800):  VMThread [stack: 0x00750000,0x007a0000] [id=5932]

siginfo: ExceptionCode=0xc0000006, ExceptionInformation=0x00000001 0x20b04000 0xc000009c 

Registers:
EAX=0x03c606a0, EBX=0x00000008, ECX=0x00000002, EDX=0x00000000
ESP=0x0079f9a0, EBP=0x0079f9a8, ESI=0x03c60698, EDI=0x20b04000
EIP=0x6b3d1ed7, EFLAGS=0x00010246

Top of Stack: (sp=0x0079f9a0)
0x0079f9a0:   0071c318 20b03fe8 0079f9c8 6a91c97d
0x0079f9b0:   20b03fe8 03c60680 00000020 03c60680
0x0079f9c0:   0071ed60 00000008 0079f9e8 6a914d6d
0x0079f9d0:   03c60680 00000008 0079faf4 208f9c44
0x0079f9e0:   45911f58 0071ed60 0079fa08 6a937433
0x0079f9f0:   03c60680 209882b8 208f9c38 0079faf4
0x0079fa00:   45911f60 45911dd0 0079fa28 6a9231b3
0x0079fa10:   208f9c38 208f9c4c 0071c318 0079faf4 

Instructions: (pc=0x6b3d1ed7)
0x6b3d1eb7:   e6 0f 3b fe 5e 5f 75 05 e9 96 eb 00 00 f7 c7 03
0x6b3d1ec7:   00 00 00 75 14 c1 e9 02 83 e2 03 83 f9 08 72 29
0x6b3d1ed7:   f3 a5 ff 24 95 f0 1f 3d 6b 8b c7 ba 03 00 00 00
0x6b3d1ee7:   83 e9 04 72 0c 83 e0 03 03 c8 ff 24 85 04 1f 3d 


Register to memory mapping:

EAX=0x03c606a0 is an oop
proguard.classfile.constant.Utf8Constant 
 - klass: 'proguard/classfile/constant/Utf8Constant'
EBX=0x00000008 is an unknown value
ECX=0x00000002 is an unknown value
EDX=0x00000000 is an unknown value
ESP=0x0079f9a0 is an unknown value
EBP=0x0079f9a8 is an unknown value
ESI=0x03c60698 is an oop
[B 
 - klass: {type array byte}
 - length: 13
EDI=0x20b04000 is an oop
[B 
 - klass: {type array byte}
 - length: 13


Stack: [0x00750000,0x007a0000],  sp=0x0079f9a0,  free space=318k
Native frames: (J=compiled Java code, j=interpreted, Vv=VM code, C=native code)
C  [msvcr100.dll+0x1ed7]  memcpy+0x57
V  [jvm.dll+0x6c97d]
V  [jvm.dll+0x64d6d]
V  [jvm.dll+0x87433]
V  [jvm.dll+0x731b3]
V  [jvm.dll+0x6c751]
V  [jvm.dll+0x69fd7]
V  [jvm.dll+0x645a7]
V  [jvm.dll+0x6afc2]
V  [jvm.dll+0x62573]
V  [jvm.dll+0x177446]
V  [jvm.dll+0x14f4f5]
V  [jvm.dll+0x14e66e]
V  [jvm.dll+0x14e9f7]
V  [jvm.dll+0x14eec2]
V  [jvm.dll+0x17efe9]
C  [msvcr100.dll+0x5c6de]  endthreadex+0x3a
C  [msvcr100.dll+0x5c788]  endthreadex+0xe4
C  [kernel32.dll+0x53c45]  BaseThreadInitThunk+0x12
C  [ntdll.dll+0x637eb]  RtlInitializeExceptionChain+0xef
C  [ntdll.dll+0x637be]  RtlInitializeExceptionChain+0xc2

VM_Operation (0x56f5e25c): GenCollectForAllocation, mode: safepoint, requested by thread 0x577e4c00


---------------  P R O C E S S  ---------------

Java Threads: ( => current thread )
  0x577eb800 JavaThread "Stdin handler" [_thread_blocked, id=996, stack(0x57230000,0x57280000)]
  0x577e6000 JavaThread "Cancel handler" [_thread_blocked, id=5540, stack(0x56e20000,0x56e70000)]
  0x577e4800 JavaThread "Handler for socket connection from /127.0.0.1:58668 to /127.0.0.1:62801" [_thread_in_native, id=2584, stack(0x57140000,0x57190000)]
  0x577e4c00 JavaThread "Daemon worker Thread 70" [_thread_blocked, id=4252, stack(0x56f10000,0x56f60000)]
  0x577e4000 JavaThread "Daemon Thread 70" [_thread_blocked, id=2124, stack(0x57080000,0x570d0000)]
  0x569ff800 JavaThread "File lock request listener" [_thread_in_native, id=440, stack(0x572a0000,0x572f0000)]
  0x5649f800 JavaThread "Incoming local TCP Connector on port 58668" [_thread_in_native, id=4632, stack(0x56f70000,0x56fc0000)]
  0x00dd0c00 JavaThread "Service Thread" daemon [_thread_blocked, id=4008, stack(0x55a60000,0x55ab0000)]
  0x00dcc800 JavaThread "C1 CompilerThread0" daemon [_thread_blocked, id=2564, stack(0x00fa0000,0x00ff0000)]
  0x00dcb400 JavaThread "Attach Listener" daemon [_thread_blocked, id=2364, stack(0x55bc0000,0x55c10000)]
  0x00dc8000 JavaThread "Signal Dispatcher" daemon [_thread_blocked, id=3352, stack(0x55c80000,0x55cd0000)]
  0x00d6f400 JavaThread "Finalizer" daemon [_thread_blocked, id=5144, stack(0x55b60000,0x55bb0000)]
  0x00d69400 JavaThread "Reference Handler" daemon [_thread_blocked, id=3656, stack(0x55b00000,0x55b50000)]
  0x0071b000 JavaThread "main" [_thread_blocked, id=5596, stack(0x007d0000,0x00820000)]

Other Threads:
=>0x00d64800 VMThread [stack: 0x00750000,0x007a0000] [id=5932]
  0x00ded000 WatcherThread [stack: 0x55c10000,0x55c60000] [id=1256]

VM state:at safepoint (normal execution)

VM Mutex/Monitor currently owned by a thread:  ([mutex/lock_event])
[0x00718ee0] Threads_lock - owner thread: 0x00d64800
[0x007192f0] Heap_lock - owner thread: 0x577e4c00

Heap
 def new generation   total 79488K, used 79488K [0x03c20000, 0x09260000, 0x19170000)
  eden space 70656K, 100% used [0x03c20000, 0x08120000, 0x08120000)
  from space 8832K, 100% used [0x08120000, 0x089c0000, 0x089c0000)
  to   space 8832K,  99% used [0x089c0000, 0x0925fff8, 0x09260000)
 tenured generation   total 176560K, used 124496K [0x19170000, 0x23ddc000, 0x43c20000)
   the space 176560K,  70% used [0x19170000, 0x20b04008, 0x20b04200, 0x23ddc000)
 compacting perm gen  total 40192K, used 40160K [0x43c20000, 0x46360000, 0x53c20000)
   the space 40192K,  99% used [0x43c20000, 0x46358170, 0x46358200, 0x46360000)
No shared spaces configured.

Card table byte_map: [0x00970000,0x00c00000] byte_map_base: 0x00951f00

Polling page: 0x00120000

Code Cache  [0x01c20000, 0x02ba8000, 0x03c20000)
 total_blobs=8743 nmethods=8316 adapters=359 free_code_cache=16897Kb largest_free_block=17273152

Compilation events (10 events):
Event: 36058.378 Thread 0x00dcc800 8630   !         com.sun.tools.javac.util.DiagnosticSource::findLine (235 bytes)
Event: 36058.393 Thread 0x00dcc800 nmethod 8630 0x02ba58c8 code [0x02ba5a00, 0x02ba5dd8]
Event: 36059.207 Thread 0x00dcc800 8631             org.gradle.messaging.remote.internal.Message$ExceptionPlaceholder$1::replaceObject (37 bytes)
Event: 36059.207 Thread 0x00dcc800 nmethod 8631 0x02ba60c8 code [0x02ba61e0, 0x02ba638c]
Event: 36084.491 Thread 0x00dcc800 8632             java.util.zip.Inflater::finalize (5 bytes)
Event: 36084.491 Thread 0x00dcc800 nmethod 8632 0x02ba6488 code [0x02ba6580, 0x02ba660c]
Event: 36084.539 Thread 0x00dcc800 8633             org.apache.tools.ant.property.ParseProperties::containsProperties (54 bytes)
Event: 36084.539 Thread 0x00dcc800 nmethod 8633 0x02ba6688 code [0x02ba6790, 0x02ba68fc]
Event: 36085.043 Thread 0x00dcc800 8634             com.google.common.reflect.Types$JavaVersion::usedInGenericType (48 bytes)
Event: 36085.044 Thread 0x00dcc800 nmethod 8634 0x02ba6a08 code [0x02ba6b40, 0x02ba6cc0]

GC Heap History (10 events):
Event: 36084.490 GC heap after
Heap after GC invocations=1002 (full 92):
 def new generation   total 79488K, used 4028K [0x03c20000, 0x09260000, 0x19170000)
  eden space 70656K,   0% used [0x03c20000, 0x03c20000, 0x08120000)
  from space 8832K,  45% used [0x08120000, 0x0850f088, 0x089c0000)
  to   space 8832K,   0% used [0x089c0000, 0x089c0000, 0x09260000)
 tenured generation   total 176560K, used 68008K [0x19170000, 0x23ddc000, 0x43c20000)
   the space 176560K,  38% used [0x19170000, 0x1d3da378, 0x1d3da400, 0x23ddc000)
 compacting perm gen  total 40192K, used 40143K [0x43c20000, 0x46360000, 0x53c20000)
   the space 40192K,  99% used [0x43c20000, 0x46353f40, 0x46354000, 0x46360000)
No shared spaces configured.
}
Event: 36084.831 GC heap before
{Heap before GC invocations=1002 (full 92):
 def new generation   total 79488K, used 74684K [0x03c20000, 0x09260000, 0x19170000)
  eden space 70656K, 100% used [0x03c20000, 0x08120000, 0x08120000)
  from space 8832K,  45% used [0x08120000, 0x0850f088, 0x089c0000)
  to   space 8832K,   0% used [0x089c0000, 0x089c0000, 0x09260000)
 tenured generation   total 176560K, used 68008K [0x19170000, 0x23ddc000, 0x43c20000)
   the space 176560K,  38% used [0x19170000, 0x1d3da378, 0x1d3da400, 0x23ddc000)
 compacting perm gen  total 40192K, used 40146K [0x43c20000, 0x46360000, 0x53c20000)
   the space 40192K,  99% used [0x43c20000, 0x46354b40, 0x46354c00, 0x46360000)
No shared spaces configured.
Event: 36084.855 GC heap after
Heap after GC invocations=1003 (full 92):
 def new generation   total 79488K, used 7106K [0x03c20000, 0x09260000, 0x19170000)
  eden space 70656K,   0% used [0x03c20000, 0x03c20000, 0x08120000)
  from space 8832K,  80% used [0x089c0000, 0x090b0928, 0x09260000)
  to   space 8832K,   0% used [0x08120000, 0x08120000, 0x089c0000)
 tenured generation   total 176560K, used 68008K [0x19170000, 0x23ddc000, 0x43c20000)
   the space 176560K,  38% used [0x19170000, 0x1d3da378, 0x1d3da400, 0x23ddc000)
 compacting perm gen  total 40192K, used 40146K [0x43c20000, 0x46360000, 0x53c20000)
   the space 40192K,  99% used [0x43c20000, 0x46354b40, 0x46354c00, 0x46360000)
No shared spaces configured.
}
Event: 36086.407 GC heap before
{Heap before GC invocations=1003 (full 92):
 def new generation   total 79488K, used 77762K [0x03c20000, 0x09260000, 0x19170000)
  eden space 70656K, 100% used [0x03c20000, 0x08120000, 0x08120000)
  from space 8832K,  80% used [0x089c0000, 0x090b0928, 0x09260000)
  to   space 8832K,   0% used [0x08120000, 0x08120000, 0x089c0000)
 tenured generation   total 176560K, used 68008K [0x19170000, 0x23ddc000, 0x43c20000)
   the space 176560K,  38% used [0x19170000, 0x1d3da378, 0x1d3da400, 0x23ddc000)
 compacting perm gen  total 40192K, used 40146K [0x43c20000, 0x46360000, 0x53c20000)
   the space 40192K,  99% used [0x43c20000, 0x46354b40, 0x46354c00, 0x46360000)
No shared spaces configured.
Event: 36086.434 GC heap after
Heap after GC invocations=1004 (full 92):
 def new generation   total 79488K, used 8832K [0x03c20000, 0x09260000, 0x19170000)
  eden space 70656K,   0% used [0x03c20000, 0x03c20000, 0x08120000)
  from space 8832K, 100% used [0x08120000, 0x089c0000, 0x089c0000)
  to   space 8832K,   0% used [0x089c0000, 0x089c0000, 0x09260000)
 tenured generation   total 176560K, used 72523K [0x19170000, 0x23ddc000, 0x43c20000)
   the space 176560K,  41% used [0x19170000, 0x1d842f98, 0x1d843000, 0x23ddc000)
 compacting perm gen  total 40192K, used 40146K [0x43c20000, 0x46360000, 0x53c20000)
   the space 40192K,  99% used [0x43c20000, 0x46354b40, 0x46354c00, 0x46360000)
No shared spaces configured.
}
Event: 36091.833 GC heap before
{Heap before GC invocations=1004 (full 92):
 def new generation   total 79488K, used 79488K [0x03c20000, 0x09260000, 0x19170000)
  eden space 70656K, 100% used [0x03c20000, 0x08120000, 0x08120000)
  from space 8832K, 100% used [0x08120000, 0x089c0000, 0x089c0000)
  to   space 8832K,   0% used [0x089c0000, 0x089c0000, 0x09260000)
 tenured generation   total 176560K, used 72523K [0x19170000, 0x23ddc000, 0x43c20000)
   the space 176560K,  41% used [0x19170000, 0x1d842f98, 0x1d843000, 0x23ddc000)
 compacting perm gen  total 40192K, used 40160K [0x43c20000, 0x46360000, 0x53c20000)
   the space 40192K,  99% used [0x43c20000, 0x46358170, 0x46358200, 0x46360000)
No shared spaces configured.
Event: 36091.898 GC heap after
Heap after GC invocations=1005 (full 92):
 def new generation   total 79488K, used 8832K [0x03c20000, 0x09260000, 0x19170000)
  eden space 70656K,   0% used [0x03c20000, 0x03c20000, 0x08120000)
  from space 8832K, 100% used [0x089c0000, 0x09260000, 0x09260000)
  to   space 8832K,   0% used [0x08120000, 0x08120000, 0x089c0000)
 tenured generation   total 176560K, used 82354K [0x19170000, 0x23ddc000, 0x43c20000)
   the space 176560K,  46% used [0x19170000, 0x1e1dc830, 0x1e1dca00, 0x23ddc000)
 compacting perm gen  total 40192K, used 40160K [0x43c20000, 0x46360000, 0x53c20000)
   the space 40192K,  99% used [0x43c20000, 0x46358170, 0x46358200, 0x46360000)
No shared spaces configured.
}
Event: 36092.179 GC heap before
{Heap before GC invocations=1005 (full 92):
 def new generation   total 79488K, used 79488K [0x03c20000, 0x09260000, 0x19170000)
  eden space 70656K, 100% used [0x03c20000, 0x08120000, 0x08120000)
  from space 8832K, 100% used [0x089c0000, 0x09260000, 0x09260000)
  to   space 8832K,   0% used [0x08120000, 0x08120000, 0x089c0000)
 tenured generation   total 176560K, used 82354K [0x19170000, 0x23ddc000, 0x43c20000)
   the space 176560K,  46% used [0x19170000, 0x1e1dc830, 0x1e1dca00, 0x23ddc000)
 compacting perm gen  total 40192K, used 40160K [0x43c20000, 0x46360000, 0x53c20000)
   the space 40192K,  99% used [0x43c20000, 0x46358170, 0x46358200, 0x46360000)
No shared spaces configured.
Event: 36093.132 GC heap after
Heap after GC invocations=1006 (full 92):
 def new generation   total 79488K, used 8832K [0x03c20000, 0x09260000, 0x19170000)
  eden space 70656K,   0% used [0x03c20000, 0x03c20000, 0x08120000)
  from space 8832K, 100% used [0x08120000, 0x089c0000, 0x089c0000)
  to   space 8832K,   0% used [0x089c0000, 0x089c0000, 0x09260000)
 tenured generation   total 176560K, used 115764K [0x19170000, 0x23ddc000, 0x43c20000)
   the space 176560K,  65% used [0x19170000, 0x2027d1d0, 0x2027d200, 0x23ddc000)
 compacting perm gen  total 40192K, used 40160K [0x43c20000, 0x46360000, 0x53c20000)
   the space 40192K,  99% used [0x43c20000, 0x46358170, 0x46358200, 0x46360000)
No shared spaces configured.
}
Event: 36093.431 GC heap before
{Heap before GC invocations=1006 (full 92):
 def new generation   total 79488K, used 79488K [0x03c20000, 0x09260000, 0x19170000)
  eden space 70656K, 100% used [0x03c20000, 0x08120000, 0x08120000)
  from space 8832K, 100% used [0x08120000, 0x089c0000, 0x089c0000)
  to   space 8832K,   0% used [0x089c0000, 0x089c0000, 0x09260000)
 tenured generation   total 176560K, used 115764K [0x19170000, 0x23ddc000, 0x43c20000)
   the space 176560K,  65% used [0x19170000, 0x2027d1d0, 0x2027d200, 0x23ddc000)
 compacting perm gen  total 40192K, used 40160K [0x43c20000, 0x46360000, 0x53c20000)
   the space 40192K,  99% used [0x43c20000, 0x46358170, 0x46358200, 0x46360000)
No shared spaces configured.

Deoptimization events (0 events):
No events

Internal exceptions (10 events):
Event: 36087.403 Thread 0x577e4c00 Threw 0x06476460 at C:\jdk7u1_32P\jdk7u7\hotspot\src\share\vm\runtime\sharedRuntime.cpp:613
Event: 36087.403 Thread 0x577e4c00 Threw 0x06477690 at C:\jdk7u1_32P\jdk7u7\hotspot\src\share\vm\runtime\sharedRuntime.cpp:613
Event: 36087.403 Thread 0x577e4c00 Threw 0x06478e70 at C:\jdk7u1_32P\jdk7u7\hotspot\src\share\vm\runtime\sharedRuntime.cpp:613
Event: 36087.403 Thread 0x577e4c00 Threw 0x06479a48 at C:\jdk7u1_32P\jdk7u7\hotspot\src\share\vm\runtime\sharedRuntime.cpp:613
Event: 36087.403 Thread 0x577e4c00 Threw 0x0647ab38 at C:\jdk7u1_32P\jdk7u7\hotspot\src\share\vm\runtime\sharedRuntime.cpp:613
Event: 36087.403 Thread 0x577e4c00 Threw 0x06481528 at C:\jdk7u1_32P\jdk7u7\hotspot\src\share\vm\prims\jvm.cpp:1166
Event: 36087.403 Thread 0x577e4c00 Threw 0x06482508 at C:\jdk7u1_32P\jdk7u7\hotspot\src\share\vm\prims\jvm.cpp:1166
Event: 36087.403 Thread 0x577e4c00 Threw 0x0648b788 at C:\jdk7u1_32P\jdk7u7\hotspot\src\share\vm\prims\jvm.cpp:1166
Event: 36087.455 Thread 0x577e4c00 Threw 0x065ecdf8 at C:\jdk7u1_32P\jdk7u7\hotspot\src\share\vm\runtime\sharedRuntime.cpp:613
Event: 36091.739 Thread 0x577e4c00 Threw 0x074ad3e8 at C:\jdk7u1_32P\jdk7u7\hotspot\src\share\vm\runtime\sharedRuntime.cpp:613

Events (10 events):
Event: 36087.403 loading class 0x57af56e8 done
Event: 36087.404 loading class 0x565107e0
Event: 36087.404 loading class 0x565107e0 done
Event: 36087.406 loading class 0x565107e0
Event: 36087.406 loading class 0x565107e0 done
Event: 36091.833 Executing VM operation: GenCollectForAllocation
Event: 36091.898 Executing VM operation: GenCollectForAllocation done
Event: 36092.179 Executing VM operation: GenCollectForAllocation
Event: 36093.132 Executing VM operation: GenCollectForAllocation done
Event: 36093.431 Executing VM operation: GenCollectForAllocation


Dynamic libraries:
0x00ff0000 - 0x0101f000 	C:\Program Files\Java\jdk1.7.0_07\bin\java.exe
0x77cf0000 - 0x77e2c000 	C:\Windows\SYSTEM32\ntdll.dll
0x77290000 - 0x77364000 	C:\Windows\system32\kernel32.dll
0x75fe0000 - 0x7602a000 	C:\Windows\system32\KERNELBASE.dll
0x76430000 - 0x764d0000 	C:\Windows\system32\ADVAPI32.dll
0x77b00000 - 0x77bac000 	C:\Windows\system32\msvcrt.dll
0x77390000 - 0x773a9000 	C:\Windows\SYSTEM32\sechost.dll
0x77720000 - 0x777c1000 	C:\Windows\system32\RPCRT4.dll
0x779d0000 - 0x77a99000 	C:\Windows\system32\USER32.dll
0x77ec0000 - 0x77f0e000 	C:\Windows\system32\GDI32.dll
0x773b0000 - 0x773ba000 	C:\Windows\system32\LPK.dll
0x77650000 - 0x776ed000 	C:\Windows\system32\USP10.dll
0x758b0000 - 0x75a4e000 	C:\Windows\WinSxS\x86_microsoft.windows.common-controls_6595b64144ccf1df_6.0.7601.17514_none_41e6975e2bd6f2b2\COMCTL32.dll
0x77aa0000 - 0x77af7000 	C:\Windows\system32\SHLWAPI.dll
0x77370000 - 0x7738f000 	C:\Windows\system32\IMM32.DLL
0x764d0000 - 0x7659c000 	C:\Windows\system32\MSCTF.dll
0x6b3d0000 - 0x6b48e000 	C:\Program Files\Java\jdk1.7.0_07\jre\bin\msvcr100.dll
0x6a8b0000 - 0x6abfc000 	C:\Program Files\Java\jdk1.7.0_07\jre\bin\client\jvm.dll
0x739e0000 - 0x739e7000 	C:\Windows\system32\WSOCK32.dll
0x77410000 - 0x77445000 	C:\Windows\system32\WS2_32.dll
0x77f10000 - 0x77f16000 	C:\Windows\system32\NSI.dll
0x71e70000 - 0x71ea2000 	C:\Windows\system32\WINMM.dll
0x77e30000 - 0x77e35000 	C:\Windows\system32\PSAPI.DLL
0x72f90000 - 0x72f9c000 	C:\Program Files\Java\jdk1.7.0_07\jre\bin\verify.dll
0x72d20000 - 0x72d40000 	C:\Program Files\Java\jdk1.7.0_07\jre\bin\java.dll
0x72ce0000 - 0x72cf3000 	C:\Program Files\Java\jdk1.7.0_07\jre\bin\zip.dll
0x72cc0000 - 0x72cd4000 	C:\Program Files\Java\jdk1.7.0_07\jre\bin\net.dll
0x755c0000 - 0x755fc000 	C:\Windows\system32\mswsock.dll
0x755b0000 - 0x755b6000 	C:\Windows\System32\wship6.dll
0x72d10000 - 0x72d1f000 	C:\Program Files\Java\jdk1.7.0_07\jre\bin\nio.dll
0x72c90000 - 0x72c9e000 	C:\Users\Ajinkya\.gradle\native\19\windows-i386\native-platform.dll
0x73f90000 - 0x73fac000 	C:\Windows\system32\IPHLPAPI.DLL
0x73f30000 - 0x73f37000 	C:\Windows\system32\WINNSI.DLL
0x73c60000 - 0x73c72000 	C:\Windows\system32\dhcpcsvc.DLL
0x73c30000 - 0x73c3d000 	C:\Windows\system32\dhcpcsvc6.DLL
0x75710000 - 0x75726000 	C:\Windows\system32\CRYPTSP.dll
0x753c0000 - 0x753fb000 	C:\Windows\system32\rsaenh.dll
0x74e70000 - 0x74e87000 	C:\Windows\system32\USERENV.dll
0x75e40000 - 0x75e4b000 	C:\Windows\system32\profapi.dll
0x75d40000 - 0x75d4c000 	C:\Windows\system32\CRYPTBASE.dll
0x742c0000 - 0x742d0000 	C:\Windows\system32\NLAapi.dll
0x6fe70000 - 0x6fe80000 	C:\Windows\system32\napinsp.dll
0x6fe50000 - 0x6fe62000 	C:\Windows\system32\pnrpnsp.dll
0x75430000 - 0x75474000 	C:\Windows\system32\DNSAPI.dll
0x6ffb0000 - 0x6ffb8000 	C:\Windows\System32\winrnr.dll
0x74da0000 - 0x74da5000 	C:\Windows\System32\wshtcpip.dll
0x706f0000 - 0x706f6000 	C:\Windows\system32\rasadhlp.dll
0x73ea0000 - 0x73ed8000 	C:\Windows\System32\fwpuclnt.dll
0x75db0000 - 0x75dfc000 	C:\Windows\system32\apphelp.dll
0x74950000 - 0x7495a000 	C:\Program Files\Java\jdk1.7.0_07\jre\bin\management.dll
0x72db0000 - 0x72dd0000 	C:\Program Files\Java\jdk1.7.0_07\jre\bin\sunec.dll
0x72d00000 - 0x72d09000 	C:\Program Files\Java\jdk1.7.0_07\jre\bin\sunmscapi.dll
0x75ec0000 - 0x75fdd000 	C:\Windows\system32\CRYPT32.dll
0x75eb0000 - 0x75ebc000 	C:\Windows\system32\MSASN1.dll
0x6dca0000 - 0x6dd8b000 	C:\Windows\system32\dbghelp.dll

VM Arguments:
jvm_args: -XX:MaxPermSize=256m -XX:+HeapDumpOnOutOfMemoryError -Xmx1024m -Dfile.encoding=windows-1252 -Duser.country=US -Duser.language=en -Duser.variant 
java_command: org.gradle.launcher.daemon.bootstrap.GradleDaemon 2.4 C:\Users\Ajinkya\.gradle C:\Users\Ajinkya\.gradle\daemon 10800000 c00b1886-d4bc-4627-98dd-253dd40f0abb -XX:MaxPermSize=256m -XX:+HeapDumpOnOutOfMemoryError -Xmx1024m -Dfile.encoding=windows-1252 -Duser.country=US -Duser.language=en -Duser.variant
Launcher Type: SUN_STANDARD

Environment Variables:
PATH=C:\ProgramData\Oracle\Java\javapath;C:\Windows\system32;C:\Windows;C:\Windows\System32\Wbem;C:\Windows\System32\WindowsPowerShell\v1.0\;USERPROFILE\.dnx\bin;C:\Program Files\Microsoft DNX\Dnvm\;C:\Program Files\Microsoft SQL Server\100\Tools\Binn\;C:\Program Files\Microsoft SQL Server\100\DTS\Binn\;C:\Program Files\Microsoft SQL Server\100\Tools\Binn\VSShell\Common7\IDE\
USERNAME=Ajinkya
OS=Windows_NT
PROCESSOR_IDENTIFIER=x86 Family 6 Model 42 Stepping 7, GenuineIntel



---------------  S Y S T E M  ---------------

OS: Windows 7 Build 7601 Service Pack 1

CPU:total 4 (2 cores per cpu, 2 threads per core) family 6 model 42 stepping 7, cmov, cx8, fxsr, mmx, sse, sse2, sse3, ssse3, sse4.1, sse4.2, popcnt, avx, ht, tsc, tscinvbit

Memory: 4k page, physical 3056708k(212120k free), swap 6111664k(2539276k free)

vm_info: Java HotSpot(TM) Client VM (23.3-b01) for windows-x86 JRE (1.7.0_07-b11), built on Sep  7 2012 01:40:56 by "java_re" with unknown MS VC++:1600

time: Sun Jun 19 18:31:20 2016
elapsed time: 36099 seconds

